<?xml version="1.0" encoding="UTF-8"?>
<robot generator="Robot 6.0.2 (Python 3.10.12 on linux)" generated="20230810 01:33:12.191" rpa="false" schemaversion="3">
<suite id="s1" name="Login Test" source="/home/ardhi/personal/robotframework-automation-exercise/tests/login_test.robot">
<test id="s1-t1" name="Login Using Valid Username and Password" line="11">
<kw name="Open Main Page Using Chrome Browser" library="resource" type="SETUP">
<kw name="Open Browser" library="SeleniumLibrary">
<arg>${MAIN_PAGE}</arg>
<arg>chrome</arg>
<doc>Opens a new browser instance to the optional ``url``.</doc>
<msg timestamp="20230810 01:33:12.301" level="INFO">Opening browser 'chrome' to base url 'https://opensource-demo.orangehrmlive.com/web/index.php/auth/login'.</msg>
<status status="PASS" starttime="20230810 01:33:12.300" endtime="20230810 01:33:23.082"/>
</kw>
<kw name="Reload Page" library="SeleniumLibrary">
<doc>Simulates user reloading page.</doc>
<status status="PASS" starttime="20230810 01:33:23.083" endtime="20230810 01:33:23.536"/>
</kw>
<kw name="Maximize Browser Window" library="SeleniumLibrary">
<doc>Maximizes current browser window.</doc>
<status status="PASS" starttime="20230810 01:33:23.536" endtime="20230810 01:33:23.640"/>
</kw>
<status status="PASS" starttime="20230810 01:33:12.300" endtime="20230810 01:33:23.640"/>
</kw>
<kw name="User Input Valid Username" library="login_steps">
<kw name="Wait Until Element Is Visible" library="SeleniumLibrary">
<arg>${username_input}</arg>
<doc>Waits until the element ``locator`` is visible.</doc>
<status status="PASS" starttime="20230810 01:33:23.641" endtime="20230810 01:33:25.000"/>
</kw>
<kw name="Input Text" library="SeleniumLibrary">
<arg>${username_input}</arg>
<arg>Admin</arg>
<doc>Types the given ``text`` into the text field identified by ``locator``.</doc>
<msg timestamp="20230810 01:33:25.001" level="INFO">Typing text 'Admin' into text field 'xpath=//input[@name='username']'.</msg>
<status status="PASS" starttime="20230810 01:33:25.001" endtime="20230810 01:33:25.100"/>
</kw>
<status status="PASS" starttime="20230810 01:33:23.641" endtime="20230810 01:33:25.100"/>
</kw>
<kw name="User Input Valid Password" library="login_steps">
<kw name="Wait Until Element Is Visible" library="SeleniumLibrary">
<arg>${password_input}</arg>
<doc>Waits until the element ``locator`` is visible.</doc>
<status status="PASS" starttime="20230810 01:33:25.101" endtime="20230810 01:33:25.156"/>
</kw>
<kw name="Input Password" library="SeleniumLibrary">
<arg>${password_input}</arg>
<arg>admin123</arg>
<doc>Types the given password into the text field identified by ``locator``.</doc>
<msg timestamp="20230810 01:33:25.157" level="INFO">Typing password into text field 'xpath=//input[@name='password']'.</msg>
<msg timestamp="20230810 01:33:25.190" level="INFO">Temporally setting log level to: NONE</msg>
<msg timestamp="20230810 01:33:25.301" level="INFO">Log level changed from NONE to INFO.</msg>
<status status="PASS" starttime="20230810 01:33:25.156" endtime="20230810 01:33:25.301"/>
</kw>
<status status="PASS" starttime="20230810 01:33:25.100" endtime="20230810 01:33:25.302"/>
</kw>
<kw name="User Click Login" library="login_steps">
<kw name="Wait Until Element Is Visible" library="SeleniumLibrary">
<arg>${login_button}</arg>
<doc>Waits until the element ``locator`` is visible.</doc>
<status status="PASS" starttime="20230810 01:33:25.303" endtime="20230810 01:33:25.343"/>
</kw>
<kw name="Click Button" library="SeleniumLibrary">
<arg>${login_button}</arg>
<doc>Clicks the button identified by ``locator``.</doc>
<msg timestamp="20230810 01:33:25.345" level="INFO">Clicking button 'xpath=//button[@class='oxd-button oxd-button--medium oxd-button--main orangehrm-login-button']'.</msg>
<status status="PASS" starttime="20230810 01:33:25.344" endtime="20230810 01:33:25.447"/>
</kw>
<status status="PASS" starttime="20230810 01:33:25.302" endtime="20230810 01:33:25.447"/>
</kw>
<kw name="User Success Login" library="login_steps">
<kw name="Wait Until Element Is Visible" library="SeleniumLibrary">
<arg>${profile_button}</arg>
<doc>Waits until the element ``locator`` is visible.</doc>
<status status="PASS" starttime="20230810 01:33:25.448" endtime="20230810 01:33:27.226"/>
</kw>
<kw name="Element Should Be Visible" library="SeleniumLibrary">
<arg>${profile_button}</arg>
<doc>Verifies that the element identified by ``locator`` is visible.</doc>
<msg timestamp="20230810 01:33:27.242" level="INFO">Element 'xpath=//span[@class='oxd-userdropdown-tab']' is displayed.</msg>
<status status="PASS" starttime="20230810 01:33:27.227" endtime="20230810 01:33:27.242"/>
</kw>
<status status="PASS" starttime="20230810 01:33:25.447" endtime="20230810 01:33:27.242"/>
</kw>
<kw name="Close Browser In The End of Test Cases" library="resource" type="TEARDOWN">
<kw name="Sleep" library="BuiltIn">
<arg>3</arg>
<doc>Pauses the test executed for the given time.</doc>
<msg timestamp="20230810 01:33:30.243" level="INFO">Slept 3 seconds</msg>
<status status="PASS" starttime="20230810 01:33:27.242" endtime="20230810 01:33:30.243"/>
</kw>
<kw name="Close Browser" library="SeleniumLibrary">
<doc>Closes the current browser.</doc>
<status status="PASS" starttime="20230810 01:33:30.243" endtime="20230810 01:33:30.307"/>
</kw>
<status status="PASS" starttime="20230810 01:33:27.242" endtime="20230810 01:33:30.307"/>
</kw>
<status status="PASS" starttime="20230810 01:33:12.300" endtime="20230810 01:33:30.308"/>
</test>
<test id="s1-t2" name="Login Without Input Username" line="17">
<kw name="Open Main Page Using Chrome Browser" library="resource" type="SETUP">
<kw name="Open Browser" library="SeleniumLibrary">
<arg>${MAIN_PAGE}</arg>
<arg>chrome</arg>
<doc>Opens a new browser instance to the optional ``url``.</doc>
<msg timestamp="20230810 01:33:30.310" level="INFO">Opening browser 'chrome' to base url 'https://opensource-demo.orangehrmlive.com/web/index.php/auth/login'.</msg>
<status status="PASS" starttime="20230810 01:33:30.310" endtime="20230810 01:33:35.368"/>
</kw>
<kw name="Reload Page" library="SeleniumLibrary">
<doc>Simulates user reloading page.</doc>
<status status="PASS" starttime="20230810 01:33:35.368" endtime="20230810 01:33:35.839"/>
</kw>
<kw name="Maximize Browser Window" library="SeleniumLibrary">
<doc>Maximizes current browser window.</doc>
<status status="PASS" starttime="20230810 01:33:35.839" endtime="20230810 01:33:35.943"/>
</kw>
<status status="PASS" starttime="20230810 01:33:30.309" endtime="20230810 01:33:35.943"/>
</kw>
<kw name="User Input Valid Password" library="login_steps">
<kw name="Wait Until Element Is Visible" library="SeleniumLibrary">
<arg>${password_input}</arg>
<doc>Waits until the element ``locator`` is visible.</doc>
<status status="PASS" starttime="20230810 01:33:35.943" endtime="20230810 01:33:36.849"/>
</kw>
<kw name="Input Password" library="SeleniumLibrary">
<arg>${password_input}</arg>
<arg>admin123</arg>
<doc>Types the given password into the text field identified by ``locator``.</doc>
<msg timestamp="20230810 01:33:36.850" level="INFO">Typing password into text field 'xpath=//input[@name='password']'.</msg>
<msg timestamp="20230810 01:33:36.875" level="INFO">Temporally setting log level to: NONE</msg>
<msg timestamp="20230810 01:33:36.914" level="INFO">Log level changed from NONE to INFO.</msg>
<status status="PASS" starttime="20230810 01:33:36.849" endtime="20230810 01:33:36.914"/>
</kw>
<status status="PASS" starttime="20230810 01:33:35.943" endtime="20230810 01:33:36.915"/>
</kw>
<kw name="User Click Login" library="login_steps">
<kw name="Wait Until Element Is Visible" library="SeleniumLibrary">
<arg>${login_button}</arg>
<doc>Waits until the element ``locator`` is visible.</doc>
<status status="PASS" starttime="20230810 01:33:36.915" endtime="20230810 01:33:36.935"/>
</kw>
<kw name="Click Button" library="SeleniumLibrary">
<arg>${login_button}</arg>
<doc>Clicks the button identified by ``locator``.</doc>
<msg timestamp="20230810 01:33:36.936" level="INFO">Clicking button 'xpath=//button[@class='oxd-button oxd-button--medium oxd-button--main orangehrm-login-button']'.</msg>
<status status="PASS" starttime="20230810 01:33:36.935" endtime="20230810 01:33:36.974"/>
</kw>
<status status="PASS" starttime="20230810 01:33:36.915" endtime="20230810 01:33:36.974"/>
</kw>
<kw name="Error message field is required" library="login_steps">
<kw name="Wait Until Element Is Visible" library="SeleniumLibrary">
<arg>${required_username}</arg>
<doc>Waits until the element ``locator`` is visible.</doc>
<status status="PASS" starttime="20230810 01:33:36.974" endtime="20230810 01:33:36.997"/>
</kw>
<kw name="Element Should Be Visible" library="SeleniumLibrary">
<arg>${required_username}</arg>
<doc>Verifies that the element identified by ``locator`` is visible.</doc>
<msg timestamp="20230810 01:33:37.008" level="INFO">Element 'xpath=(//span[@class='oxd-text oxd-text--span oxd-input-field-error-message oxd-input-group__message'])[1]' is displayed.</msg>
<status status="PASS" starttime="20230810 01:33:36.997" endtime="20230810 01:33:37.008"/>
</kw>
<status status="PASS" starttime="20230810 01:33:36.974" endtime="20230810 01:33:37.008"/>
</kw>
<kw name="Close Browser In The End of Test Cases" library="resource" type="TEARDOWN">
<kw name="Sleep" library="BuiltIn">
<arg>3</arg>
<doc>Pauses the test executed for the given time.</doc>
<msg timestamp="20230810 01:33:40.009" level="INFO">Slept 3 seconds</msg>
<status status="PASS" starttime="20230810 01:33:37.008" endtime="20230810 01:33:40.009"/>
</kw>
<kw name="Close Browser" library="SeleniumLibrary">
<doc>Closes the current browser.</doc>
<status status="PASS" starttime="20230810 01:33:40.009" endtime="20230810 01:33:40.083"/>
</kw>
<status status="PASS" starttime="20230810 01:33:37.008" endtime="20230810 01:33:40.084"/>
</kw>
<status status="PASS" starttime="20230810 01:33:30.309" endtime="20230810 01:33:40.084"/>
</test>
<test id="s1-t3" name="Login Without Input password" line="23">
<kw name="Open Main Page Using Chrome Browser" library="resource" type="SETUP">
<kw name="Open Browser" library="SeleniumLibrary">
<arg>${MAIN_PAGE}</arg>
<arg>chrome</arg>
<doc>Opens a new browser instance to the optional ``url``.</doc>
<msg timestamp="20230810 01:33:40.086" level="INFO">Opening browser 'chrome' to base url 'https://opensource-demo.orangehrmlive.com/web/index.php/auth/login'.</msg>
<status status="PASS" starttime="20230810 01:33:40.086" endtime="20230810 01:33:45.452"/>
</kw>
<kw name="Reload Page" library="SeleniumLibrary">
<doc>Simulates user reloading page.</doc>
<status status="PASS" starttime="20230810 01:33:45.452" endtime="20230810 01:33:45.919"/>
</kw>
<kw name="Maximize Browser Window" library="SeleniumLibrary">
<doc>Maximizes current browser window.</doc>
<status status="PASS" starttime="20230810 01:33:45.919" endtime="20230810 01:33:46.022"/>
</kw>
<status status="PASS" starttime="20230810 01:33:40.085" endtime="20230810 01:33:46.022"/>
</kw>
<kw name="User Input Valid Username" library="login_steps">
<kw name="Wait Until Element Is Visible" library="SeleniumLibrary">
<arg>${username_input}</arg>
<doc>Waits until the element ``locator`` is visible.</doc>
<status status="PASS" starttime="20230810 01:33:46.022" endtime="20230810 01:33:46.881"/>
</kw>
<kw name="Input Text" library="SeleniumLibrary">
<arg>${username_input}</arg>
<arg>Admin</arg>
<doc>Types the given ``text`` into the text field identified by ``locator``.</doc>
<msg timestamp="20230810 01:33:46.881" level="INFO">Typing text 'Admin' into text field 'xpath=//input[@name='username']'.</msg>
<status status="PASS" starttime="20230810 01:33:46.881" endtime="20230810 01:33:46.934"/>
</kw>
<status status="PASS" starttime="20230810 01:33:46.022" endtime="20230810 01:33:46.934"/>
</kw>
<kw name="User Click Login" library="login_steps">
<kw name="Wait Until Element Is Visible" library="SeleniumLibrary">
<arg>${login_button}</arg>
<doc>Waits until the element ``locator`` is visible.</doc>
<status status="PASS" starttime="20230810 01:33:46.934" endtime="20230810 01:33:46.961"/>
</kw>
<kw name="Click Button" library="SeleniumLibrary">
<arg>${login_button}</arg>
<doc>Clicks the button identified by ``locator``.</doc>
<msg timestamp="20230810 01:33:46.961" level="INFO">Clicking button 'xpath=//button[@class='oxd-button oxd-button--medium oxd-button--main orangehrm-login-button']'.</msg>
<status status="PASS" starttime="20230810 01:33:46.961" endtime="20230810 01:33:46.996"/>
</kw>
<status status="PASS" starttime="20230810 01:33:46.934" endtime="20230810 01:33:46.996"/>
</kw>
<kw name="Error message field is required" library="login_steps">
<kw name="Wait Until Element Is Visible" library="SeleniumLibrary">
<arg>${required_username}</arg>
<doc>Waits until the element ``locator`` is visible.</doc>
<status status="PASS" starttime="20230810 01:33:46.997" endtime="20230810 01:33:47.014"/>
</kw>
<kw name="Element Should Be Visible" library="SeleniumLibrary">
<arg>${required_username}</arg>
<doc>Verifies that the element identified by ``locator`` is visible.</doc>
<msg timestamp="20230810 01:33:47.028" level="INFO">Element 'xpath=(//span[@class='oxd-text oxd-text--span oxd-input-field-error-message oxd-input-group__message'])[1]' is displayed.</msg>
<status status="PASS" starttime="20230810 01:33:47.014" endtime="20230810 01:33:47.029"/>
</kw>
<status status="PASS" starttime="20230810 01:33:46.996" endtime="20230810 01:33:47.029"/>
</kw>
<kw name="Close Browser In The End of Test Cases" library="resource" type="TEARDOWN">
<kw name="Sleep" library="BuiltIn">
<arg>3</arg>
<doc>Pauses the test executed for the given time.</doc>
<msg timestamp="20230810 01:33:50.030" level="INFO">Slept 3 seconds</msg>
<status status="PASS" starttime="20230810 01:33:47.030" endtime="20230810 01:33:50.031"/>
</kw>
<kw name="Close Browser" library="SeleniumLibrary">
<doc>Closes the current browser.</doc>
<status status="PASS" starttime="20230810 01:33:50.031" endtime="20230810 01:33:50.092"/>
</kw>
<status status="PASS" starttime="20230810 01:33:47.029" endtime="20230810 01:33:50.092"/>
</kw>
<status status="PASS" starttime="20230810 01:33:40.084" endtime="20230810 01:33:50.092"/>
</test>
<test id="s1-t4" name="Login Without Input password and Username" line="29">
<kw name="Open Main Page Using Chrome Browser" library="resource" type="SETUP">
<kw name="Open Browser" library="SeleniumLibrary">
<arg>${MAIN_PAGE}</arg>
<arg>chrome</arg>
<doc>Opens a new browser instance to the optional ``url``.</doc>
<msg timestamp="20230810 01:33:50.094" level="INFO">Opening browser 'chrome' to base url 'https://opensource-demo.orangehrmlive.com/web/index.php/auth/login'.</msg>
<status status="PASS" starttime="20230810 01:33:50.093" endtime="20230810 01:33:59.925"/>
</kw>
<kw name="Reload Page" library="SeleniumLibrary">
<doc>Simulates user reloading page.</doc>
<status status="PASS" starttime="20230810 01:33:59.925" endtime="20230810 01:34:00.388"/>
</kw>
<kw name="Maximize Browser Window" library="SeleniumLibrary">
<doc>Maximizes current browser window.</doc>
<status status="PASS" starttime="20230810 01:34:00.388" endtime="20230810 01:34:00.490"/>
</kw>
<status status="PASS" starttime="20230810 01:33:50.093" endtime="20230810 01:34:00.490"/>
</kw>
<kw name="User Click Login" library="login_steps">
<kw name="Wait Until Element Is Visible" library="SeleniumLibrary">
<arg>${login_button}</arg>
<doc>Waits until the element ``locator`` is visible.</doc>
<status status="PASS" starttime="20230810 01:34:00.491" endtime="20230810 01:34:02.190"/>
</kw>
<kw name="Click Button" library="SeleniumLibrary">
<arg>${login_button}</arg>
<doc>Clicks the button identified by ``locator``.</doc>
<msg timestamp="20230810 01:34:02.190" level="INFO">Clicking button 'xpath=//button[@class='oxd-button oxd-button--medium oxd-button--main orangehrm-login-button']'.</msg>
<status status="PASS" starttime="20230810 01:34:02.190" endtime="20230810 01:34:02.232"/>
</kw>
<status status="PASS" starttime="20230810 01:34:00.490" endtime="20230810 01:34:02.232"/>
</kw>
<kw name="Error message Username and Password is required" library="login_steps">
<kw name="Wait Until Element Is Visible" library="SeleniumLibrary">
<arg>${required_password}</arg>
<doc>Waits until the element ``locator`` is visible.</doc>
<status status="PASS" starttime="20230810 01:34:02.233" endtime="20230810 01:34:02.260"/>
</kw>
<kw name="Element Should Be Visible" library="SeleniumLibrary">
<arg>${required_password}</arg>
<doc>Verifies that the element identified by ``locator`` is visible.</doc>
<msg timestamp="20230810 01:34:02.272" level="INFO">Element 'xpath=(//span[@class='oxd-text oxd-text--span oxd-input-field-error-message oxd-input-group__message'])[2]' is displayed.</msg>
<status status="PASS" starttime="20230810 01:34:02.260" endtime="20230810 01:34:02.272"/>
</kw>
<kw name="Wait Until Element Is Visible" library="SeleniumLibrary">
<arg>${required_username}</arg>
<doc>Waits until the element ``locator`` is visible.</doc>
<status status="PASS" starttime="20230810 01:34:02.272" endtime="20230810 01:34:02.285"/>
</kw>
<kw name="Element Should Be Visible" library="SeleniumLibrary">
<arg>${required_username}</arg>
<doc>Verifies that the element identified by ``locator`` is visible.</doc>
<msg timestamp="20230810 01:34:02.298" level="INFO">Element 'xpath=(//span[@class='oxd-text oxd-text--span oxd-input-field-error-message oxd-input-group__message'])[1]' is displayed.</msg>
<status status="PASS" starttime="20230810 01:34:02.285" endtime="20230810 01:34:02.298"/>
</kw>
<status status="PASS" starttime="20230810 01:34:02.233" endtime="20230810 01:34:02.298"/>
</kw>
<kw name="Close Browser In The End of Test Cases" library="resource" type="TEARDOWN">
<kw name="Sleep" library="BuiltIn">
<arg>3</arg>
<doc>Pauses the test executed for the given time.</doc>
<msg timestamp="20230810 01:34:05.299" level="INFO">Slept 3 seconds</msg>
<status status="PASS" starttime="20230810 01:34:02.299" endtime="20230810 01:34:05.299"/>
</kw>
<kw name="Close Browser" library="SeleniumLibrary">
<doc>Closes the current browser.</doc>
<status status="PASS" starttime="20230810 01:34:05.300" endtime="20230810 01:34:05.360"/>
</kw>
<status status="PASS" starttime="20230810 01:34:02.299" endtime="20230810 01:34:05.361"/>
</kw>
<status status="PASS" starttime="20230810 01:33:50.093" endtime="20230810 01:34:05.361"/>
</test>
<test id="s1-t5" name="Login using Invalid Account" line="34">
<kw name="Open Main Page Using Chrome Browser" library="resource" type="SETUP">
<kw name="Open Browser" library="SeleniumLibrary">
<arg>${MAIN_PAGE}</arg>
<arg>chrome</arg>
<doc>Opens a new browser instance to the optional ``url``.</doc>
<msg timestamp="20230810 01:34:05.363" level="INFO">Opening browser 'chrome' to base url 'https://opensource-demo.orangehrmlive.com/web/index.php/auth/login'.</msg>
<status status="PASS" starttime="20230810 01:34:05.362" endtime="20230810 01:34:10.591"/>
</kw>
<kw name="Reload Page" library="SeleniumLibrary">
<doc>Simulates user reloading page.</doc>
<status status="PASS" starttime="20230810 01:34:10.591" endtime="20230810 01:34:11.079"/>
</kw>
<kw name="Maximize Browser Window" library="SeleniumLibrary">
<doc>Maximizes current browser window.</doc>
<status status="PASS" starttime="20230810 01:34:11.079" endtime="20230810 01:34:11.181"/>
</kw>
<status status="PASS" starttime="20230810 01:34:05.362" endtime="20230810 01:34:11.182"/>
</kw>
<kw name="User Input Invalid Username" library="login_steps">
<kw name="Wait Until Element Is Visible" library="SeleniumLibrary">
<arg>${username_input}</arg>
<doc>Waits until the element ``locator`` is visible.</doc>
<status status="PASS" starttime="20230810 01:34:11.182" endtime="20230810 01:34:12.033"/>
</kw>
<kw name="Input Text" library="SeleniumLibrary">
<arg>${username_input}</arg>
<arg>Admin2</arg>
<doc>Types the given ``text`` into the text field identified by ``locator``.</doc>
<msg timestamp="20230810 01:34:12.034" level="INFO">Typing text 'Admin2' into text field 'xpath=//input[@name='username']'.</msg>
<status status="PASS" starttime="20230810 01:34:12.034" endtime="20230810 01:34:12.086"/>
</kw>
<status status="PASS" starttime="20230810 01:34:11.182" endtime="20230810 01:34:12.086"/>
</kw>
<kw name="User Input Invalid Password" library="login_steps">
<kw name="Wait Until Element Is Visible" library="SeleniumLibrary">
<arg>${password_input}</arg>
<doc>Waits until the element ``locator`` is visible.</doc>
<status status="PASS" starttime="20230810 01:34:12.087" endtime="20230810 01:34:12.112"/>
</kw>
<kw name="Input Password" library="SeleniumLibrary">
<arg>${password_input}</arg>
<arg>admin1232</arg>
<doc>Types the given password into the text field identified by ``locator``.</doc>
<msg timestamp="20230810 01:34:12.113" level="INFO">Typing password into text field 'xpath=//input[@name='password']'.</msg>
<msg timestamp="20230810 01:34:12.130" level="INFO">Temporally setting log level to: NONE</msg>
<msg timestamp="20230810 01:34:12.162" level="INFO">Log level changed from NONE to INFO.</msg>
<status status="PASS" starttime="20230810 01:34:12.112" endtime="20230810 01:34:12.162"/>
</kw>
<status status="PASS" starttime="20230810 01:34:12.087" endtime="20230810 01:34:12.162"/>
</kw>
<kw name="User Click Login" library="login_steps">
<kw name="Wait Until Element Is Visible" library="SeleniumLibrary">
<arg>${login_button}</arg>
<doc>Waits until the element ``locator`` is visible.</doc>
<status status="PASS" starttime="20230810 01:34:12.163" endtime="20230810 01:34:12.189"/>
</kw>
<kw name="Click Button" library="SeleniumLibrary">
<arg>${login_button}</arg>
<doc>Clicks the button identified by ``locator``.</doc>
<msg timestamp="20230810 01:34:12.190" level="INFO">Clicking button 'xpath=//button[@class='oxd-button oxd-button--medium oxd-button--main orangehrm-login-button']'.</msg>
<status status="PASS" starttime="20230810 01:34:12.189" endtime="20230810 01:34:13.127"/>
</kw>
<status status="PASS" starttime="20230810 01:34:12.162" endtime="20230810 01:34:13.127"/>
</kw>
<kw name="invalid credentials" library="login_steps">
<kw name="Wait Until Element Is Visible" library="SeleniumLibrary">
<arg>${invalid_credential_message}</arg>
<doc>Waits until the element ``locator`` is visible.</doc>
<status status="PASS" starttime="20230810 01:34:13.127" endtime="20230810 01:34:13.572"/>
</kw>
<kw name="Element Should Be Visible" library="SeleniumLibrary">
<arg>${invalid_credential_message}</arg>
<doc>Verifies that the element identified by ``locator`` is visible.</doc>
<msg timestamp="20230810 01:34:13.582" level="INFO">Element 'xpath=//p[contains(@class, 'oxd-text') and contains(@class, 'oxd-text--p') and contains(@class, 'oxd-alert-content-text') and text() = 'Invalid credentials']' is displayed.</msg>
<status status="PASS" starttime="20230810 01:34:13.572" endtime="20230810 01:34:13.582"/>
</kw>
<status status="PASS" starttime="20230810 01:34:13.127" endtime="20230810 01:34:13.582"/>
</kw>
<kw name="Close Browser In The End of Test Cases" library="resource" type="TEARDOWN">
<kw name="Sleep" library="BuiltIn">
<arg>3</arg>
<doc>Pauses the test executed for the given time.</doc>
<msg timestamp="20230810 01:34:16.583" level="INFO">Slept 3 seconds</msg>
<status status="PASS" starttime="20230810 01:34:13.582" endtime="20230810 01:34:16.583"/>
</kw>
<kw name="Close Browser" library="SeleniumLibrary">
<doc>Closes the current browser.</doc>
<status status="PASS" starttime="20230810 01:34:16.583" endtime="20230810 01:34:16.645"/>
</kw>
<status status="PASS" starttime="20230810 01:34:13.582" endtime="20230810 01:34:16.645"/>
</kw>
<status status="PASS" starttime="20230810 01:34:05.362" endtime="20230810 01:34:16.645"/>
</test>
<status status="PASS" starttime="20230810 01:33:12.192" endtime="20230810 01:34:16.647"/>
</suite>
<statistics>
<total>
<stat pass="5" fail="0" skip="0">All Tests</stat>
</total>
<tag>
</tag>
<suite>
<stat pass="5" fail="0" skip="0" id="s1" name="Login Test">Login Test</stat>
</suite>
</statistics>
<errors>
</errors>
</robot>
